#
# A fatal error has been detected by the Java Runtime Environment:
#
#  EXCEPTION_ACCESS_VIOLATION (0xc0000005) at pc=0x00000000733d0a80, pid=19516, tid=0x0000000000005fd0
#
# JRE version: OpenJDK Runtime Environment (8.0_252-b09) (build 1.8.0_252-b09)
# Java VM: OpenJDK 64-Bit Server VM (25.252-b09 mixed mode windows-amd64 compressed oops)
# Problematic frame:
# V  [jvm.dll+0x1c0a80]
#
# Failed to write core dump. Minidumps are not enabled by default on client versions of Windows
#
# If you would like to submit a bug report, please include
# instructions on how to reproduce the bug and visit:
#   http://bugreport.java.com/bugreport/crash.jsp
#

---------------  T H R E A D  ---------------

Current thread (0x0000000002fc3000):  JavaThread "main" [_thread_in_vm, id=24528, stack(0x0000000002ec0000,0x0000000002fc0000)]

siginfo: ExceptionCode=0xc0000005, reading address 0x0000000000000010

Registers:
RAX=0x0000000000000000, RBX=0x0000000002fc3000, RCX=0x0000000000000300, RDX=0x0000000002fbcdf0
RSP=0x0000000002fbcd00, RBP=0x0000000000000000, RSI=0x0000000000000010, RDI=0x0000000002fbd188
R8 =0x0000000000000000, R9 =0x0000000000000010, R10=0x00000000030d839b, R11=0x0000000073417fc0
R12=0x0000000000000000, R13=0x000000001cbfe540, R14=0x0000000002fbcdf0, R15=0x0000000002fc3000
RIP=0x00000000733d0a80, EFLAGS=0x0000000000010246

Top of Stack: (sp=0x0000000002fbcd00)
0x0000000002fbcd00:   00000000000000b6 00000000253ef928
0x0000000002fbcd10:   0000000002fc3000 0000000000000000
0x0000000002fbcd20:   00000000030c7bb0 00000000030d83c7
0x0000000002fbcd30:   000000001cbfe540 0000000002fbcdb8
0x0000000002fbcd40:   000000001cb80480 00000000253ef928
0x0000000002fbcd50:   0000000002fc3000 00000000030c7bb0
0x0000000002fbcd60:   0000000000000000 0000000002fc3000
0x0000000002fbcd70:   0000000002fbce60 0000000002fbcd78
0x0000000002fbcd80:   0000000000000000 0000000002fbcdf0
0x0000000002fbcd90:   000000001cc2e390 0000000000000000
0x0000000002fbcda0:   000000001cbfe540 0000000000000000
0x0000000002fbcdb0:   0000000002fbcdd8 0000000002fbce40
0x0000000002fbcdc0:   00000000030c7bb0 0000000000000000
0x0000000002fbcdd0:   00000000030d1f17 0000000000000010
0x0000000002fbcde0:   00000006c0c0bf50 0000000000000000
0x0000000002fbcdf0:   00000006c0c03508 000000076c7d4d68 

Instructions: (pc=0x00000000733d0a80)
0x00000000733d0a60:   00 48 85 ff 74 16 40 f6 c7 01 74 0d 48 8b cf e8
0x00000000733d0a70:   8c 22 03 00 48 8b e8 eb 03 48 8b 2f 48 8b 7b 48
0x00000000733d0a80:   48 8b 2c 2e 48 8b 47 10 48 8b 77 08 48 83 38 00
0x00000000733d0a90:   74 15 48 8b 57 28 48 8b ce e8 c2 91 ee ff 48 8b 


Register to memory mapping:

RAX=0x0000000000000000 is an unknown value
RBX=0x0000000002fc3000 is a thread
RCX=0x0000000000000300 is an unknown value
RDX=0x0000000002fbcdf0 is pointing into the stack for thread: 0x0000000002fc3000
RSP=0x0000000002fbcd00 is pointing into the stack for thread: 0x0000000002fc3000
RBP=0x0000000000000000 is an unknown value
RSI=0x0000000000000010 is an unknown value
RDI=0x0000000002fbd188 is pointing into the stack for thread: 0x0000000002fc3000
R8 =0x0000000000000000 is an unknown value
R9 =0x0000000000000010 is an unknown value
R10=0x00000000030d839b is at code_begin+891 in an Interpreter codelet
method entry point (kind = native)  [0x00000000030d8020, 0x00000000030d8a00]  2528 bytes
R11=0x0000000073417fc0 is an unknown value
R12=0x0000000000000000 is an unknown value
R13={method} {0x000000001cbfe548} 'getLong' '(Ljava/lang/Object;J)J' in 'sun/misc/Unsafe'
R14=0x0000000002fbcdf0 is pointing into the stack for thread: 0x0000000002fc3000
R15=0x0000000002fc3000 is a thread


Stack: [0x0000000002ec0000,0x0000000002fc0000],  sp=0x0000000002fbcd00,  free space=1011k
Native frames: (J=compiled Java code, j=interpreted, Vv=VM code, C=native code)

Java frames: (J=compiled Java code, j=interpreted, Vv=VM code)
j  sun.misc.Unsafe.getLong(Ljava/lang/Object;J)J+0
j  eu.eventstorm.sql.csv.CsvReaderImpl.<init>(Ljava/nio/MappedByteBuffer;)V+26
j  eu.eventstorm.sql.csv.CsvReaders.newReader(Ljava/nio/channels/FileChannel;)Leu/eventstorm/sql/csv/CsvReader;+35
j  eu.eventstorm.sql.domain.PageTest.test01()V+121
v  ~StubRoutines::call_stub
j  sun.reflect.NativeMethodAccessorImpl.invoke0(Ljava/lang/reflect/Method;Ljava/lang/Object;[Ljava/lang/Object;)Ljava/lang/Object;+0
j  sun.reflect.NativeMethodAccessorImpl.invoke(Ljava/lang/Object;[Ljava/lang/Object;)Ljava/lang/Object;+100
j  sun.reflect.DelegatingMethodAccessorImpl.invoke(Ljava/lang/Object;[Ljava/lang/Object;)Ljava/lang/Object;+6
j  java.lang.reflect.Method.invoke(Ljava/lang/Object;[Ljava/lang/Object;)Ljava/lang/Object;+56
j  org.junit.platform.commons.util.ReflectionUtils.invokeMethod(Ljava/lang/reflect/Method;Ljava/lang/Object;[Ljava/lang/Object;)Ljava/lang/Object;+41
j  org.junit.jupiter.engine.execution.MethodInvocation.proceed()Ljava/lang/Object;+16
j  org.junit.jupiter.engine.execution.InvocationInterceptorChain$ValidatingInvocation.proceed()Ljava/lang/Object;+8
j  org.junit.jupiter.engine.extension.TimeoutExtension.intercept(Lorg/junit/jupiter/api/extension/InvocationInterceptor$Invocation;Lorg/junit/jupiter/api/extension/ReflectiveInvocationContext;Lorg/junit/jupiter/api/extension/ExtensionContext;Lorg/junit/jupiter/engine/extension/TimeoutDuration;Lorg/junit/jupiter/engine/extension/TimeoutExtension$TimeoutProvider;)Ljava/lang/Object;+28
j  org.junit.jupiter.engine.extension.TimeoutExtension.interceptTestableMethod(Lorg/junit/jupiter/api/extension/InvocationInterceptor$Invocation;Lorg/junit/jupiter/api/extension/ReflectiveInvocationContext;Lorg/junit/jupiter/api/extension/ExtensionContext;Lorg/junit/jupiter/engine/extension/TimeoutExtension$TimeoutProvider;)Ljava/lang/Object;+31
j  org.junit.jupiter.engine.extension.TimeoutExtension.interceptTestMethod(Lorg/junit/jupiter/api/extension/InvocationInterceptor$Invocation;Lorg/junit/jupiter/api/extension/ReflectiveInvocationContext;Lorg/junit/jupiter/api/extension/ExtensionContext;)V+9
j  org.junit.jupiter.engine.descriptor.TestMethodTestDescriptor$$Lambda$103.apply(Lorg/junit/jupiter/api/extension/InvocationInterceptor;Lorg/junit/jupiter/api/extension/InvocationInterceptor$Invocation;Lorg/junit/jupiter/api/extension/ReflectiveInvocationContext;Lorg/junit/jupiter/api/extension/ExtensionContext;)V+5
j  org.junit.jupiter.engine.execution.ExecutableInvoker$ReflectiveInterceptorCall.lambda$ofVoidMethod$0(Lorg/junit/jupiter/engine/execution/ExecutableInvoker$ReflectiveInterceptorCall$VoidMethodInterceptorCall;Lorg/junit/jupiter/api/extension/InvocationInterceptor;Lorg/junit/jupiter/api/extension/InvocationInterceptor$Invocation;Lorg/junit/jupiter/api/extension/ReflectiveInvocationContext;Lorg/junit/jupiter/api/extension/ExtensionContext;)Ljava/lang/Void;+6
j  org.junit.jupiter.engine.execution.ExecutableInvoker$ReflectiveInterceptorCall$$Lambda$104.apply(Lorg/junit/jupiter/api/extension/InvocationInterceptor;Lorg/junit/jupiter/api/extension/InvocationInterceptor$Invocation;Lorg/junit/jupiter/api/extension/ReflectiveInvocationContext;Lorg/junit/jupiter/api/extension/ExtensionContext;)Ljava/lang/Object;+9
j  org.junit.jupiter.engine.execution.ExecutableInvoker.lambda$invoke$0(Lorg/junit/jupiter/engine/execution/ExecutableInvoker$ReflectiveInterceptorCall;Lorg/junit/jupiter/api/extension/ReflectiveInvocationContext;Lorg/junit/jupiter/api/extension/ExtensionContext;Lorg/junit/jupiter/api/extension/InvocationInterceptor;Lorg/junit/jupiter/api/extension/InvocationInterceptor$Invocation;)Ljava/lang/Object;+6
j  org.junit.jupiter.engine.execution.ExecutableInvoker$$Lambda$231.apply(Lorg/junit/jupiter/api/extension/InvocationInterceptor;Lorg/junit/jupiter/api/extension/InvocationInterceptor$Invocation;)Ljava/lang/Object;+14
j  org.junit.jupiter.engine.execution.InvocationInterceptorChain$InterceptedInvocation.proceed()Ljava/lang/Object;+12
j  org.junit.jupiter.engine.execution.InvocationInterceptorChain.proceed(Lorg/junit/jupiter/api/extension/InvocationInterceptor$Invocation;)Ljava/lang/Object;+1
j  org.junit.jupiter.engine.execution.InvocationInterceptorChain.chainAndInvoke(Lorg/junit/jupiter/api/extension/InvocationInterceptor$Invocation;Lorg/junit/jupiter/engine/execution/InvocationInterceptorChain$InterceptorCall;Ljava/util/List;)Ljava/lang/Object;+24
j  org.junit.jupiter.engine.execution.InvocationInterceptorChain.invoke(Lorg/junit/jupiter/api/extension/InvocationInterceptor$Invocation;Lorg/junit/jupiter/engine/extension/ExtensionRegistry;Lorg/junit/jupiter/engine/execution/InvocationInterceptorChain$InterceptorCall;)Ljava/lang/Object;+31
j  org.junit.jupiter.engine.execution.ExecutableInvoker.invoke(Lorg/junit/jupiter/api/extension/InvocationInterceptor$Invocation;Lorg/junit/jupiter/api/extension/ReflectiveInvocationContext;Lorg/junit/jupiter/api/extension/ExtensionContext;Lorg/junit/jupiter/engine/extension/ExtensionRegistry;Lorg/junit/jupiter/engine/execution/ExecutableInvoker$ReflectiveInterceptorCall;)Ljava/lang/Object;+15
j  org.junit.jupiter.engine.execution.ExecutableInvoker.invoke(Ljava/lang/reflect/Method;Ljava/lang/Object;Lorg/junit/jupiter/api/extension/ExtensionContext;Lorg/junit/jupiter/engine/extension/ExtensionRegistry;Lorg/junit/jupiter/engine/execution/ExecutableInvoker$ReflectiveInterceptorCall;)Ljava/lang/Object;+56
j  org.junit.jupiter.engine.descriptor.TestMethodTestDescriptor.lambda$invokeTestMethod$6(Lorg/junit/jupiter/api/extension/ExtensionContext;Lorg/junit/jupiter/engine/execution/JupiterEngineExecutionContext;)V+28
j  org.junit.jupiter.engine.descriptor.TestMethodTestDescriptor$$Lambda$265.execute()V+12
j  org.junit.platform.engine.support.hierarchical.ThrowableCollector.execute(Lorg/junit/platform/engine/support/hierarchical/ThrowableCollector$Executable;)V+1
j  org.junit.jupiter.engine.descriptor.TestMethodTestDescriptor.invokeTestMethod(Lorg/junit/jupiter/engine/execution/JupiterEngineExecutionContext;Lorg/junit/platform/engine/support/hierarchical/Node$DynamicTestExecutor;)V+21
j  org.junit.jupiter.engine.descriptor.TestMethodTestDescriptor.execute(Lorg/junit/jupiter/engine/execution/JupiterEngineExecutionContext;Lorg/junit/platform/engine/support/hierarchical/Node$DynamicTestExecutor;)Lorg/junit/jupiter/engine/execution/JupiterEngineExecutionContext;+44
j  org.junit.jupiter.engine.descriptor.TestMethodTestDescriptor.execute(Lorg/junit/platform/engine/support/hierarchical/EngineExecutionContext;Lorg/junit/platform/engine/support/hierarchical/Node$DynamicTestExecutor;)Lorg/junit/platform/engine/support/hierarchical/EngineExecutionContext;+6
j  org.junit.platform.engine.support.hierarchical.NodeTestTask.lambda$executeRecursively$5()V+79
j  org.junit.platform.engine.support.hierarchical.NodeTestTask$$Lambda$176.execute()V+4
j  org.junit.platform.engine.support.hierarchical.ThrowableCollector.execute(Lorg/junit/platform/engine/support/hierarchical/ThrowableCollector$Executable;)V+1
j  org.junit.platform.engine.support.hierarchical.NodeTestTask.lambda$executeRecursively$7(Lorg/junit/platform/engine/support/hierarchical/EngineExecutionContext;)V+15
j  org.junit.platform.engine.support.hierarchical.NodeTestTask$$Lambda$175.invoke(Lorg/junit/platform/engine/support/hierarchical/EngineExecutionContext;)V+5
j  org.junit.platform.engine.support.hierarchical.Node.around(Lorg/junit/platform/engine/support/hierarchical/EngineExecutionContext;Lorg/junit/platform/engine/support/hierarchical/Node$Invocation;)V+2
j  org.junit.platform.engine.support.hierarchical.NodeTestTask.lambda$executeRecursively$8()V+14
j  org.junit.platform.engine.support.hierarchical.NodeTestTask$$Lambda$174.execute()V+4
j  org.junit.platform.engine.support.hierarchical.ThrowableCollector.execute(Lorg/junit/platform/engine/support/hierarchical/ThrowableCollector$Executable;)V+1
j  org.junit.platform.engine.support.hierarchical.NodeTestTask.executeRecursively()V+31
j  org.junit.platform.engine.support.hierarchical.NodeTestTask.execute()V+55
j  org.junit.platform.engine.support.hierarchical.SameThreadHierarchicalTestExecutorService$$Lambda$180.accept(Ljava/lang/Object;)V+4
j  java.util.ArrayList.forEach(Ljava/util/function/Consumer;)V+47
j  org.junit.platform.engine.support.hierarchical.SameThreadHierarchicalTestExecutorService.invokeAll(Ljava/util/List;)V+6
j  org.junit.platform.engine.support.hierarchical.NodeTestTask.lambda$executeRecursively$5()V+116
j  org.junit.platform.engine.support.hierarchical.NodeTestTask$$Lambda$176.execute()V+4
j  org.junit.platform.engine.support.hierarchical.ThrowableCollector.execute(Lorg/junit/platform/engine/support/hierarchical/ThrowableCollector$Executable;)V+1
j  org.junit.platform.engine.support.hierarchical.NodeTestTask.lambda$executeRecursively$7(Lorg/junit/platform/engine/support/hierarchical/EngineExecutionContext;)V+15
j  org.junit.platform.engine.support.hierarchical.NodeTestTask$$Lambda$175.invoke(Lorg/junit/platform/engine/support/hierarchical/EngineExecutionContext;)V+5
j  org.junit.platform.engine.support.hierarchical.Node.around(Lorg/junit/platform/engine/support/hierarchical/EngineExecutionContext;Lorg/junit/platform/engine/support/hierarchical/Node$Invocation;)V+2
j  org.junit.platform.engine.support.hierarchical.NodeTestTask.lambda$executeRecursively$8()V+14
j  org.junit.platform.engine.support.hierarchical.NodeTestTask$$Lambda$174.execute()V+4
j  org.junit.platform.engine.support.hierarchical.ThrowableCollector.execute(Lorg/junit/platform/engine/support/hierarchical/ThrowableCollector$Executable;)V+1
j  org.junit.platform.engine.support.hierarchical.NodeTestTask.executeRecursively()V+31
j  org.junit.platform.engine.support.hierarchical.NodeTestTask.execute()V+55
j  org.junit.platform.engine.support.hierarchical.SameThreadHierarchicalTestExecutorService$$Lambda$180.accept(Ljava/lang/Object;)V+4
j  java.util.ArrayList.forEach(Ljava/util/function/Consumer;)V+47
j  org.junit.platform.engine.support.hierarchical.SameThreadHierarchicalTestExecutorService.invokeAll(Ljava/util/List;)V+6
j  org.junit.platform.engine.support.hierarchical.NodeTestTask.lambda$executeRecursively$5()V+116
j  org.junit.platform.engine.support.hierarchical.NodeTestTask$$Lambda$176.execute()V+4
j  org.junit.platform.engine.support.hierarchical.ThrowableCollector.execute(Lorg/junit/platform/engine/support/hierarchical/ThrowableCollector$Executable;)V+1
j  org.junit.platform.engine.support.hierarchical.NodeTestTask.lambda$executeRecursively$7(Lorg/junit/platform/engine/support/hierarchical/EngineExecutionContext;)V+15
j  org.junit.platform.engine.support.hierarchical.NodeTestTask$$Lambda$175.invoke(Lorg/junit/platform/engine/support/hierarchical/EngineExecutionContext;)V+5
j  org.junit.platform.engine.support.hierarchical.Node.around(Lorg/junit/platform/engine/support/hierarchical/EngineExecutionContext;Lorg/junit/platform/engine/support/hierarchical/Node$Invocation;)V+2
j  org.junit.platform.engine.support.hierarchical.NodeTestTask.lambda$executeRecursively$8()V+14
j  org.junit.platform.engine.support.hierarchical.NodeTestTask$$Lambda$174.execute()V+4
j  org.junit.platform.engine.support.hierarchical.ThrowableCollector.execute(Lorg/junit/platform/engine/support/hierarchical/ThrowableCollector$Executable;)V+1
j  org.junit.platform.engine.support.hierarchical.NodeTestTask.executeRecursively()V+31
j  org.junit.platform.engine.support.hierarchical.NodeTestTask.execute()V+55
j  org.junit.platform.engine.support.hierarchical.SameThreadHierarchicalTestExecutorService.submit(Lorg/junit/platform/engine/support/hierarchical/HierarchicalTestExecutorService$TestTask;)Ljava/util/concurrent/Future;+1
j  org.junit.platform.engine.support.hierarchical.HierarchicalTestExecutor.execute()Ljava/util/concurrent/Future;+74
j  org.junit.platform.engine.support.hierarchical.HierarchicalTestEngine.execute(Lorg/junit/platform/engine/ExecutionRequest;)V+31
j  org.junit.platform.launcher.core.DefaultLauncher.execute(Lorg/junit/platform/engine/TestDescriptor;Lorg/junit/platform/engine/EngineExecutionListener;Lorg/junit/platform/engine/ConfigurationParameters;Lorg/junit/platform/engine/TestEngine;)V+24
j  org.junit.platform.launcher.core.DefaultLauncher.lambda$execute$5(Lorg/junit/platform/launcher/core/InternalTestPlan;Lorg/junit/platform/launcher/core/Root;Lorg/junit/platform/engine/ConfigurationParameters;Lorg/junit/platform/launcher/TestExecutionListener;)V+105
j  org.junit.platform.launcher.core.DefaultLauncher$$Lambda$143.accept(Ljava/lang/Object;)V+20
j  org.junit.platform.launcher.core.DefaultLauncher.withInterceptedStreams(Lorg/junit/platform/engine/ConfigurationParameters;Lorg/junit/platform/launcher/core/TestExecutionListenerRegistry;Ljava/util/function/Consumer;)V+43
j  org.junit.platform.launcher.core.DefaultLauncher.execute(Lorg/junit/platform/launcher/core/InternalTestPlan;[Lorg/junit/platform/launcher/TestExecutionListener;)V+33
j  org.junit.platform.launcher.core.DefaultLauncher.execute(Lorg/junit/platform/launcher/TestPlan;[Lorg/junit/platform/launcher/TestExecutionListener;)V+36
j  org.eclipse.jdt.internal.junit5.runner.JUnit5TestReference.run(Lorg/eclipse/jdt/internal/junit/runner/TestExecution;)V+69
j  org.eclipse.jdt.internal.junit.runner.TestExecution.run([Lorg/eclipse/jdt/internal/junit/runner/ITestReference;)V+17
j  org.eclipse.jdt.internal.junit.runner.RemoteTestRunner.runTests([Ljava/lang/String;Ljava/lang/String;Lorg/eclipse/jdt/internal/junit/runner/TestExecution;)V+62
j  org.eclipse.jdt.internal.junit.runner.RemoteTestRunner.runTests(Lorg/eclipse/jdt/internal/junit/runner/TestExecution;)V+10
j  org.eclipse.jdt.internal.junit.runner.RemoteTestRunner.run()V+70
j  org.eclipse.jdt.internal.junit.runner.RemoteTestRunner.main([Ljava/lang/String;)V+14
v  ~StubRoutines::call_stub

---------------  P R O C E S S  ---------------

Java Threads: ( => current thread )
  0x0000000022eaa800 JavaThread "ReaderThread" [_thread_in_native, id=17492, stack(0x0000000023250000,0x0000000023350000)]
  0x000000001f5c2800 JavaThread "Service Thread" daemon [_thread_blocked, id=38908, stack(0x0000000022850000,0x0000000022950000)]
  0x000000001f524800 JavaThread "C1 CompilerThread11" daemon [_thread_blocked, id=39128, stack(0x0000000022750000,0x0000000022850000)]
  0x000000001f524000 JavaThread "C1 CompilerThread10" daemon [_thread_blocked, id=40836, stack(0x0000000022650000,0x0000000022750000)]
  0x000000001f52a800 JavaThread "C1 CompilerThread9" daemon [_thread_blocked, id=40276, stack(0x0000000022550000,0x0000000022650000)]
  0x000000001f52a000 JavaThread "C1 CompilerThread8" daemon [_thread_blocked, id=34192, stack(0x0000000022450000,0x0000000022550000)]
  0x000000001f528800 JavaThread "C2 CompilerThread7" daemon [_thread_blocked, id=16220, stack(0x0000000022350000,0x0000000022450000)]
  0x000000001f503000 JavaThread "C2 CompilerThread6" daemon [_thread_blocked, id=39136, stack(0x0000000022250000,0x0000000022350000)]
  0x000000001f4f2800 JavaThread "C2 CompilerThread5" daemon [_thread_blocked, id=26108, stack(0x0000000022150000,0x0000000022250000)]
  0x000000001f4e9800 JavaThread "C2 CompilerThread4" daemon [_thread_blocked, id=43032, stack(0x0000000022050000,0x0000000022150000)]
  0x000000001d578800 JavaThread "C2 CompilerThread3" daemon [_thread_blocked, id=37792, stack(0x0000000021f50000,0x0000000022050000)]
  0x000000001d578000 JavaThread "C2 CompilerThread2" daemon [_thread_blocked, id=20852, stack(0x0000000021e50000,0x0000000021f50000)]
  0x000000001d577000 JavaThread "C2 CompilerThread1" daemon [_thread_blocked, id=30836, stack(0x0000000021d50000,0x0000000021e50000)]
  0x000000001d573000 JavaThread "C2 CompilerThread0" daemon [_thread_blocked, id=28624, stack(0x0000000021c50000,0x0000000021d50000)]
  0x000000001f4d8000 JavaThread "Attach Listener" daemon [_thread_blocked, id=12820, stack(0x0000000021b50000,0x0000000021c50000)]
  0x000000001d57e800 JavaThread "Signal Dispatcher" daemon [_thread_blocked, id=29400, stack(0x0000000021a50000,0x0000000021b50000)]
  0x000000001f4cb800 JavaThread "Finalizer" daemon [_thread_blocked, id=28924, stack(0x0000000021850000,0x0000000021950000)]
  0x000000001f4c5800 JavaThread "Reference Handler" daemon [_thread_blocked, id=34552, stack(0x0000000021750000,0x0000000021850000)]
=>0x0000000002fc3000 JavaThread "main" [_thread_in_vm, id=24528, stack(0x0000000002ec0000,0x0000000002fc0000)]

Other Threads:
  0x000000001d561000 VMThread [stack: 0x0000000021650000,0x0000000021750000] [id=40928]
  0x000000001f5bd000 WatcherThread [stack: 0x0000000022950000,0x0000000022a50000] [id=23284]

VM state:not at safepoint (normal execution)

VM Mutex/Monitor currently owned by a thread: None

heap address: 0x00000006c0c00000, size: 4084 MB, Compressed Oops mode: Zero based, Oop shift amount: 3
Narrow klass base: 0x0000000000000000, Narrow klass shift: 3
Compressed class space size: 1073741824 Address: 0x00000007c0000000

Heap:
 PSYoungGen      total 76288K, used 26351K [0x000000076af00000, 0x0000000774400000, 0x00000007c0000000)
  eden space 65536K, 40% used [0x000000076af00000,0x000000076c8bbc90,0x000000076ef00000)
  from space 10752K, 0% used [0x000000076f980000,0x000000076f980000,0x0000000770400000)
  to   space 10752K, 0% used [0x000000076ef00000,0x000000076ef00000,0x000000076f980000)
 ParOldGen       total 109056K, used 8165K [0x00000006c0c00000, 0x00000006c7680000, 0x000000076af00000)
  object space 109056K, 7% used [0x00000006c0c00000,0x00000006c13f9750,0x00000006c7680000)
 Metaspace       used 23703K, capacity 24748K, committed 25088K, reserved 1071104K
  class space    used 2809K, capacity 3055K, committed 3072K, reserved 1048576K

Card table byte_map: [0x0000000012480000,0x0000000012c80000] byte_map_base: 0x000000000ee7a000

Marking Bits: (ParMarkBitMap*) 0x00000000739e50b0
 Begin Bits: [0x00000000143e0000, 0x00000000183b0000)
 End Bits:   [0x00000000183b0000, 0x000000001c380000)

Polling page: 0x00000000013b0000

CodeCache: size=245760Kb used=8953Kb max_used=8953Kb free=236806Kb
 bounds [0x00000000030c0000, 0x0000000003990000, 0x00000000120c0000]
 total_blobs=2406 nmethods=1933 adapters=384
 compilation: enabled

Compilation events (10 events):
Event: 1.227 Thread 0x000000001f524000 1929  s!   3       com.sun.jmx.mbeanserver.DefaultMXBeanMappingFactory::mappingForType (136 bytes)
Event: 1.227 Thread 0x000000001f52a800 1930  s    3       com.sun.jmx.mbeanserver.DefaultMXBeanMappingFactory::getMapping (27 bytes)
Event: 1.227 Thread 0x000000001f52a800 nmethod 1930 0x000000000397d050 code [0x000000000397d1e0, 0x000000000397d808]
Event: 1.227 Thread 0x000000001f524800 1931       3       java.io.ByteArrayOutputStream::grow (43 bytes)
Event: 1.228 Thread 0x000000001f524000 nmethod 1929 0x0000000003979c90 code [0x000000000397a020, 0x000000000397bea8]
Event: 1.228 Thread 0x000000001f524000 1932       3       java.lang.ClassLoader::getClassLoader (11 bytes)
Event: 1.228 Thread 0x000000001f524000 nmethod 1932 0x0000000003979850 code [0x00000000039799a0, 0x0000000003979bd0]
Event: 1.228 Thread 0x000000001f524800 nmethod 1931 0x00000000039812d0 code [0x0000000003981480, 0x0000000003981a98]
Event: 1.233 Thread 0x000000001f52a000 1933       3       java.util.TreeMap::get (19 bytes)
Event: 1.233 Thread 0x000000001f52a000 nmethod 1933 0x0000000003979390 code [0x0000000003979500, 0x0000000003979768]

GC Heap History (6 events):
Event: 0.697 GC heap before
{Heap before GC invocations=1 (full 0):
 PSYoungGen      total 76288K, used 65536K [0x000000076af00000, 0x0000000770400000, 0x00000007c0000000)
  eden space 65536K, 100% used [0x000000076af00000,0x000000076ef00000,0x000000076ef00000)
  from space 10752K, 0% used [0x000000076f980000,0x000000076f980000,0x0000000770400000)
  to   space 10752K, 0% used [0x000000076ef00000,0x000000076ef00000,0x000000076f980000)
 ParOldGen       total 175104K, used 0K [0x00000006c0c00000, 0x00000006cb700000, 0x000000076af00000)
  object space 175104K, 0% used [0x00000006c0c00000,0x00000006c0c00000,0x00000006cb700000)
 Metaspace       used 14996K, capacity 15922K, committed 16256K, reserved 1062912K
  class space    used 1893K, capacity 2102K, committed 2176K, reserved 1048576K
Event: 0.701 GC heap after
Heap after GC invocations=1 (full 0):
 PSYoungGen      total 76288K, used 8093K [0x000000076af00000, 0x0000000770400000, 0x00000007c0000000)
  eden space 65536K, 0% used [0x000000076af00000,0x000000076af00000,0x000000076ef00000)
  from space 10752K, 75% used [0x000000076ef00000,0x000000076f6e7600,0x000000076f980000)
  to   space 10752K, 0% used [0x000000076f980000,0x000000076f980000,0x0000000770400000)
 ParOldGen       total 175104K, used 16K [0x00000006c0c00000, 0x00000006cb700000, 0x000000076af00000)
  object space 175104K, 0% used [0x00000006c0c00000,0x00000006c0c04000,0x00000006cb700000)
 Metaspace       used 14996K, capacity 15922K, committed 16256K, reserved 1062912K
  class space    used 1893K, capacity 2102K, committed 2176K, reserved 1048576K
}
Event: 0.908 GC heap before
{Heap before GC invocations=2 (full 0):
 PSYoungGen      total 76288K, used 36294K [0x000000076af00000, 0x0000000770400000, 0x00000007c0000000)
  eden space 65536K, 43% used [0x000000076af00000,0x000000076ca8a5b8,0x000000076ef00000)
  from space 10752K, 75% used [0x000000076ef00000,0x000000076f6e7600,0x000000076f980000)
  to   space 10752K, 0% used [0x000000076f980000,0x000000076f980000,0x0000000770400000)
 ParOldGen       total 175104K, used 16K [0x00000006c0c00000, 0x00000006cb700000, 0x000000076af00000)
  object space 175104K, 0% used [0x00000006c0c00000,0x00000006c0c04000,0x00000006cb700000)
 Metaspace       used 20180K, capacity 21074K, committed 21296K, reserved 1069056K
  class space    used 2436K, capacity 2646K, committed 2688K, reserved 1048576K
Event: 0.912 GC heap after
Heap after GC invocations=2 (full 0):
 PSYoungGen      total 76288K, used 8734K [0x000000076af00000, 0x0000000774400000, 0x00000007c0000000)
  eden space 65536K, 0% used [0x000000076af00000,0x000000076af00000,0x000000076ef00000)
  from space 10752K, 81% used [0x000000076f980000,0x0000000770207aa0,0x0000000770400000)
  to   space 10752K, 0% used [0x000000076ef00000,0x000000076ef00000,0x000000076f980000)
 ParOldGen       total 175104K, used 24K [0x00000006c0c00000, 0x00000006cb700000, 0x000000076af00000)
  object space 175104K, 0% used [0x00000006c0c00000,0x00000006c0c06000,0x00000006cb700000)
 Metaspace       used 20180K, capacity 21074K, committed 21296K, reserved 1069056K
  class space    used 2436K, capacity 2646K, committed 2688K, reserved 1048576K
}
Event: 0.912 GC heap before
{Heap before GC invocations=3 (full 1):
 PSYoungGen      total 76288K, used 8734K [0x000000076af00000, 0x0000000774400000, 0x00000007c0000000)
  eden space 65536K, 0% used [0x000000076af00000,0x000000076af00000,0x000000076ef00000)
  from space 10752K, 81% used [0x000000076f980000,0x0000000770207aa0,0x0000000770400000)
  to   space 10752K, 0% used [0x000000076ef00000,0x000000076ef00000,0x000000076f980000)
 ParOldGen       total 175104K, used 24K [0x00000006c0c00000, 0x00000006cb700000, 0x000000076af00000)
  object space 175104K, 0% used [0x00000006c0c00000,0x00000006c0c06000,0x00000006cb700000)
 Metaspace       used 20180K, capacity 21074K, committed 21296K, reserved 1069056K
  class space    used 2436K, capacity 2646K, committed 2688K, reserved 1048576K
Event: 0.926 GC heap after
Heap after GC invocations=3 (full 1):
 PSYoungGen      total 76288K, used 0K [0x000000076af00000, 0x0000000774400000, 0x00000007c0000000)
  eden space 65536K, 0% used [0x000000076af00000,0x000000076af00000,0x000000076ef00000)
  from space 10752K, 0% used [0x000000076f980000,0x000000076f980000,0x0000000770400000)
  to   space 10752K, 0% used [0x000000076ef00000,0x000000076ef00000,0x000000076f980000)
 ParOldGen       total 109056K, used 8165K [0x00000006c0c00000, 0x00000006c7680000, 0x000000076af00000)
  object space 109056K, 7% used [0x00000006c0c00000,0x00000006c13f9750,0x00000006c7680000)
 Metaspace       used 20180K, capacity 21074K, committed 21296K, reserved 1069056K
  class space    used 2436K, capacity 2646K, committed 2688K, reserved 1048576K
}

Deoptimization events (10 events):
Event: 0.302 Thread 0x0000000002fc3000 Uncommon trap: reason=unstable_if action=reinterpret pc=0x00000000035029f4 method=jdk.internal.org.objectweb.asm.Type.getArgumentsAndReturnSizes(Ljava/lang/String;)I @ 47
Event: 0.368 Thread 0x0000000002fc3000 Uncommon trap: reason=unstable_if action=reinterpret pc=0x00000000033ba3c0 method=java.lang.CharacterData.of(I)Ljava/lang/CharacterData; @ 4
Event: 0.378 Thread 0x0000000002fc3000 Uncommon trap: reason=unstable_if action=reinterpret pc=0x00000000034a338c method=java.lang.AbstractStringBuilder.append(Ljava/lang/String;)Ljava/lang/AbstractStringBuilder; @ 1
Event: 0.628 Thread 0x0000000002fc3000 Uncommon trap: reason=unstable_if action=reinterpret pc=0x0000000003556290 method=sun.misc.MetaIndex.mayContain(Ljava/lang/String;)Z @ 38
Event: 0.640 Thread 0x0000000002fc3000 Uncommon trap: reason=range_check action=make_not_entrant pc=0x00000000034cb2e8 method=sun.reflect.generics.parser.SignatureParser.current()C @ 34
Event: 0.653 Thread 0x0000000002fc3000 Uncommon trap: reason=unstable_if action=reinterpret pc=0x000000000361423c method=java.lang.String.regionMatches(ZILjava/lang/String;II)Z @ 123
Event: 0.713 Thread 0x0000000002fc3000 Uncommon trap: reason=unstable_if action=reinterpret pc=0x0000000003699478 method=java.util.HashMap.hash(Ljava/lang/Object;)I @ 1
Event: 1.043 Thread 0x0000000002fc3000 Uncommon trap: reason=unstable_if action=reinterpret pc=0x000000000370f390 method=java.util.concurrent.ConcurrentHashMap.putVal(Ljava/lang/Object;Ljava/lang/Object;Z)Ljava/lang/Object; @ 206
Event: 1.053 Thread 0x0000000002fc3000 Uncommon trap: reason=class_check action=maybe_recompile pc=0x0000000003850278 method=org.h2.value.Value.cache(Lorg/h2/value/Value;)Lorg/h2/value/Value; @ 69
Event: 1.175 Thread 0x0000000002fc3000 Uncommon trap: reason=unstable_if action=reinterpret pc=0x00000000034d22a4 method=java.io.WinNTFileSystem.normalize(Ljava/lang/String;)Ljava/lang/String; @ 128

Classes redefined (0 events):
No events

Internal exceptions (10 events):
Event: 0.317 Thread 0x0000000002fc3000 Exception <a 'java/lang/NoSuchMethodError': java.lang.Object.lambda$comparing$77a9974f$1(Ljava/util/function/Function;Ljava/lang/Object;Ljava/lang/Object;)I> (0x000000076c4b0a20) thrown at [C:\ws\UTv\Corretto8Src\installers\windows\zip\corretto-build\buil
Event: 0.318 Thread 0x0000000002fc3000 Exception <a 'java/lang/NoSuchMethodError': java.lang.Object.lambda$thenComparing$36697e65$1(Ljava/util/Comparator;Ljava/lang/Object;Ljava/lang/Object;)I> (0x000000076c4cd170) thrown at [C:\ws\UTv\Corretto8Src\installers\windows\zip\corretto-build\buildRo
Event: 0.345 Thread 0x0000000002fc3000 Exception <a 'java/lang/NoSuchMethodError': java.lang.Object.lambda$and$0(Ljava/util/function/Predicate;Ljava/lang/Object;)Z> (0x000000076c6e1898) thrown at [C:\ws\UTv\Corretto8Src\installers\windows\zip\corretto-build\buildRoot\src\hotspot\src\share\vm\i
Event: 0.360 Thread 0x0000000002fc3000 Exception <a 'java/lang/IncompatibleClassChangeError': Found class java.lang.Object, but interface was expected> (0x000000076c833398) thrown at [C:\ws\UTv\Corretto8Src\installers\windows\zip\corretto-build\buildRoot\src\hotspot\src\share\vm\interpreter\li
Event: 0.365 Thread 0x0000000002fc3000 Exception <a 'java/lang/IncompatibleClassChangeError': Found class java.lang.Object, but interface was expected> (0x000000076c8aa990) thrown at [C:\ws\UTv\Corretto8Src\installers\windows\zip\corretto-build\buildRoot\src\hotspot\src\share\vm\interpreter\li
Event: 0.378 Thread 0x0000000002fc3000 Implicit null exception at 0x00000000034a2f94 to 0x00000000034a3375
Event: 0.640 Thread 0x0000000002fc3000 Exception <a 'java/lang/ArrayIndexOutOfBoundsException': 18> (0x000000076e9aa880) thrown at [C:\ws\UTv\Corretto8Src\installers\windows\zip\corretto-build\buildRoot\src\hotspot\src\share\vm\interpreter\interpreterRuntime.cpp, line 371]
Event: 0.640 Thread 0x0000000002fc3000 Exception <a 'java/lang/ArrayIndexOutOfBoundsException': 110> (0x000000076e9ac1e0) thrown at [C:\ws\UTv\Corretto8Src\installers\windows\zip\corretto-build\buildRoot\src\hotspot\src\share\vm\interpreter\interpreterRuntime.cpp, line 371]
Event: 0.696 Thread 0x0000000002fc3000 Exception <a 'java/lang/NoSuchMethodError': org.slf4j.impl.StaticMarkerBinder.getSingleton()Lorg/slf4j/impl/StaticMarkerBinder;> (0x000000076eee42e8) thrown at [C:\ws\UTv\Corretto8Src\installers\windows\zip\corretto-build\buildRoot\src\hotspot\src\share\v
Event: 0.713 Thread 0x0000000002fc3000 Implicit null exception at 0x0000000003698cdb to 0x000000000369945d

Events (10 events):
Event: 1.233 loading class sun/management/MappedMXBeanType$CompositeDataMXBeanType$2
Event: 1.233 loading class sun/management/MappedMXBeanType$CompositeDataMXBeanType$2 done
Event: 1.233 loading class sun/management/MappedMXBeanType$EnumMXBeanType
Event: 1.233 loading class sun/management/MappedMXBeanType$EnumMXBeanType done
Event: 1.233 loading class java/util/TreeMap$KeySpliterator
Event: 1.233 loading class java/util/TreeMap$TreeMapSpliterator
Event: 1.233 loading class java/util/TreeMap$TreeMapSpliterator done
Event: 1.233 loading class java/util/TreeMap$KeySpliterator done
Event: 1.233 loading class eu/eventstorm/util/unsafe/Architecture
Event: 1.233 loading class eu/eventstorm/util/unsafe/Architecture done


Dynamic libraries:
0x00007ff6f3d80000 - 0x00007ff6f3db5000 	C:\dev\tools\amazon-jdk1.8.0_252\bin\javaw.exe
0x00007fffba6e0000 - 0x00007fffba8d0000 	C:\Windows\SYSTEM32\ntdll.dll
0x00007fffb9870000 - 0x00007fffb9922000 	C:\Windows\System32\KERNEL32.DLL
0x00007fffb82b0000 - 0x00007fffb8554000 	C:\Windows\System32\KERNELBASE.dll
0x00007fffb8960000 - 0x00007fffb8a03000 	C:\Windows\System32\ADVAPI32.dll
0x00007fffb8a80000 - 0x00007fffb8b1e000 	C:\Windows\System32\msvcrt.dll
0x00007fffb9050000 - 0x00007fffb90e7000 	C:\Windows\System32\sechost.dll
0x00007fffb8840000 - 0x00007fffb8960000 	C:\Windows\System32\RPCRT4.dll
0x00007fffb9610000 - 0x00007fffb97a4000 	C:\Windows\System32\USER32.dll
0x00007fffb81b0000 - 0x00007fffb81d1000 	C:\Windows\System32\win32u.dll
0x00007fffb9430000 - 0x00007fffb9456000 	C:\Windows\System32\GDI32.dll
0x00007fffb77f0000 - 0x00007fffb7985000 	C:\Windows\System32\gdi32full.dll
0x00007fffb8110000 - 0x00007fffb81ae000 	C:\Windows\System32\msvcp_win.dll
0x00007fffb76f0000 - 0x00007fffb77ea000 	C:\Windows\System32\ucrtbase.dll
0x00007fffa7d50000 - 0x00007fffa7fd4000 	C:\Windows\WinSxS\amd64_microsoft.windows.common-controls_6595b64144ccf1df_6.0.18362.900_none_e6beb9d913147d17\COMCTL32.dll
0x00007fffb90f0000 - 0x00007fffb9425000 	C:\Windows\System32\combase.dll
0x00007fffb8560000 - 0x00007fffb85e0000 	C:\Windows\System32\bcryptPrimitives.dll
0x00007fffb9460000 - 0x00007fffb948e000 	C:\Windows\System32\IMM32.DLL
0x0000000073a70000 - 0x0000000073b42000 	C:\dev\tools\amazon-jdk1.8.0_252\jre\bin\msvcr100.dll
0x0000000073210000 - 0x0000000073a61000 	C:\dev\tools\amazon-jdk1.8.0_252\jre\bin\server\jvm.dll
0x00007fffb8830000 - 0x00007fffb8838000 	C:\Windows\System32\PSAPI.DLL
0x00007fffa19e0000 - 0x00007fffa19e9000 	C:\Windows\SYSTEM32\WSOCK32.dll
0x00007fffb8cc0000 - 0x00007fffb8d2f000 	C:\Windows\System32\WS2_32.dll
0x00007fffafce0000 - 0x00007fffafd04000 	C:\Windows\SYSTEM32\WINMM.dll
0x00007fffb1890000 - 0x00007fffb189a000 	C:\Windows\SYSTEM32\VERSION.dll
0x00007fffafcb0000 - 0x00007fffafcdd000 	C:\Windows\SYSTEM32\winmmbase.dll
0x00007fffb7670000 - 0x00007fffb76ba000 	C:\Windows\System32\cfgmgr32.dll
0x00007fffa1590000 - 0x00007fffa159f000 	C:\dev\tools\amazon-jdk1.8.0_252\jre\bin\verify.dll
0x00007fffa1540000 - 0x00007fffa1569000 	C:\dev\tools\amazon-jdk1.8.0_252\jre\bin\java.dll
0x00007fffa0b30000 - 0x00007fffa0b46000 	C:\dev\tools\amazon-jdk1.8.0_252\jre\bin\zip.dll
0x00007fffb9930000 - 0x00007fffba016000 	C:\Windows\System32\SHELL32.dll
0x00007fffb8c10000 - 0x00007fffb8cb9000 	C:\Windows\System32\shcore.dll
0x00007fffb7990000 - 0x00007fffb8110000 	C:\Windows\System32\windows.storage.dll
0x00007fffb7640000 - 0x00007fffb7663000 	C:\Windows\System32\profapi.dll
0x00007fffb75d0000 - 0x00007fffb761a000 	C:\Windows\System32\powrprof.dll
0x00007fffb75a0000 - 0x00007fffb75b0000 	C:\Windows\System32\UMPDC.dll
0x00007fffb9810000 - 0x00007fffb9862000 	C:\Windows\System32\shlwapi.dll
0x00007fffb75b0000 - 0x00007fffb75c1000 	C:\Windows\System32\kernel.appcore.dll
0x00007fffb81e0000 - 0x00007fffb81f7000 	C:\Windows\System32\cryptsp.dll
0x00007fff9f0b0000 - 0x00007fff9f0ca000 	C:\dev\tools\amazon-jdk1.8.0_252\jre\bin\net.dll
0x00007fffb6dc0000 - 0x00007fffb6e27000 	C:\Windows\system32\mswsock.dll
0x00007fffa2570000 - 0x00007fffa257d000 	C:\dev\tools\amazon-jdk1.8.0_252\jre\bin\management.dll
0x00007fff74070000 - 0x00007fff74086000 	C:\Windows\system32\napinsp.dll
0x00007fff74050000 - 0x00007fff7406a000 	C:\Windows\system32\pnrpnsp.dll
0x00007fffb6b20000 - 0x00007fffb6beb000 	C:\Windows\SYSTEM32\DNSAPI.dll
0x00007fffb8a10000 - 0x00007fffb8a18000 	C:\Windows\System32\NSI.dll
0x00007fffb6ae0000 - 0x00007fffb6b1a000 	C:\Windows\SYSTEM32\IPHLPAPI.DLL
0x00007fff7b870000 - 0x00007fff7b87e000 	C:\Windows\System32\winrnr.dll
0x00007fffb3a30000 - 0x00007fffb3a4c000 	C:\Windows\system32\NLAapi.dll
0x00007fff8ef20000 - 0x00007fff8ef35000 	C:\Windows\system32\wshbth.dll
0x00007fffb0fe0000 - 0x00007fffb0fea000 	C:\Windows\System32\rasadhlp.dll
0x00007fffb1410000 - 0x00007fffb1487000 	C:\Windows\System32\fwpuclnt.dll
0x00007fffb76c0000 - 0x00007fffb76e6000 	C:\Windows\System32\bcrypt.dll
0x00007fff96aa0000 - 0x00007fff96ab2000 	C:\dev\tools\amazon-jdk1.8.0_252\jre\bin\nio.dll
0x00007fffb6940000 - 0x00007fffb6973000 	C:\Windows\system32\rsaenh.dll
0x00007fffb74c0000 - 0x00007fffb74e5000 	C:\Windows\SYSTEM32\USERENV.dll
0x00007fffb6f40000 - 0x00007fffb6f4c000 	C:\Windows\SYSTEM32\CRYPTBASE.dll
0x00007fffb18a0000 - 0x00007fffb18b6000 	C:\Windows\SYSTEM32\dhcpcsvc6.DLL
0x00007fffb1870000 - 0x00007fffb188c000 	C:\Windows\SYSTEM32\dhcpcsvc.DLL
0x00007fffb5300000 - 0x00007fffb54f4000 	C:\Windows\SYSTEM32\dbghelp.dll

VM Arguments:
jvm_args: -ea -Dfile.encoding=UTF-8 
java_command: org.eclipse.jdt.internal.junit.runner.RemoteTestRunner -version 3 -port 60177 -testLoaderClass org.eclipse.jdt.internal.junit5.runner.JUnit5TestLoader -loaderpluginname org.eclipse.jdt.junit5.runtime -classNames eu.eventstorm.sql.domain.PageTest
java_class_path (initial): C:\dev\github\eventstorm\eventstorm\eventstorm-sql\target\test-classes;C:\dev\github\eventstorm\eventstorm\eventstorm-sql\target\classes;C:\dev\github\eventstorm\eventstorm\eventstorm-util\target\classes;C:\dev\maven-repo\com\google\guava\guava\29.0-jre\guava-29.0-jre.jar;C:\dev\maven-repo\com\google\guava\failureaccess\1.0.1\failureaccess-1.0.1.jar;C:\dev\maven-repo\com\google\guava\listenablefuture\9999.0-empty-to-avoid-conflict-with-guava\listenablefuture-9999.0-empty-to-avoid-conflict-with-guava.jar;C:\dev\maven-repo\com\google\code\findbugs\jsr305\3.0.2\jsr305-3.0.2.jar;C:\dev\maven-repo\org\checkerframework\checker-qual\2.11.1\checker-qual-2.11.1.jar;C:\dev\maven-repo\com\google\errorprone\error_prone_annotations\2.3.4\error_prone_annotations-2.3.4.jar;C:\dev\maven-repo\com\google\j2objc\j2objc-annotations\1.3\j2objc-annotations-1.3.jar;C:\dev\github\eventstorm\eventstorm\eventstorm-test\target\classes;C:\dev\maven-repo\org\junit\jupiter\junit-jupiter-api\5.6.2\junit-jupiter-api-5.6.2.jar;C:\dev\maven-repo\org\apiguardian\apiguardian-api\1.1.0\apiguardian-api-1.1.0.jar;C:\dev\maven-repo\org\opentest4j\opentest4j\1.2.0\opentest4j-1.2.0.jar;C:\dev\maven-repo\org\junit\platform\junit-platform-commons\1.6.2\junit-platform-commons-1.6.2.jar;C:\dev\maven-repo\org\junit\platform\junit-platform-runner\1.6.2\junit-platform-runner-1.6.2.jar;C:\dev\maven-repo\org\junit\platform\junit-platform-launcher\1.6.2\junit-platform-launcher-1.6.2.jar;C:\dev\maven-repo\org\junit\platform\junit-platform-suite-api\1.6.2\junit-platform-suite-api-1.6.2.jar;C:\dev\maven-repo\org\junit\jupiter\junit-jupiter-engine\5.6.2\junit-jupiter-engine-5.6.2.jar;C:\dev\maven-repo\org\junit\platform\junit-platform-engine\1.6.2\junit-platform-engine-1.6.2.jar;C:\dev\maven-repo\org\apache\logging\log4j\log4j-core\2.13.3\log4j-core-2.13.3.jar;C:\dev\maven-repo\org\apache\logging\log4j\log4j-api\2.13.3\log4j-api-2.13.3.jar;C:\dev\maven-repo\org\apache\logging\log4j\log4j-slf4
Launcher Type: SUN_STANDARD

Environment Variables:
JAVA_HOME=C:\dev\tools\amazon-jdk1.8.0_252
PATH=C:\Windows\system32;C:\Windows;C:\Windows\System32\Wbem;C:\Windows\System32\WindowsPowerShell\v1.0\;C:\Windows\System32\OpenSSH\;C:\Program Files (x86)\NVIDIA Corporation\PhysX\Common;C:\Program Files\Docker\Docker\resources\bin;C:\ProgramData\DockerDesktop\version-bin;C:\Users\jacqu\AppData\Local\Microsoft\WindowsApps;C:\dev\tools\maven\3.6.3\bin;C:\dev\tools\amazon-jdk1.8.0_252\jre\bin;
USERNAME=jacqu
OS=Windows_NT
PROCESSOR_IDENTIFIER=AMD64 Family 23 Model 113 Stepping 0, AuthenticAMD



---------------  S Y S T E M  ---------------

OS: Windows 10.0 , 64 bit Build 18362 (10.0.18362.900)

CPU:total 24 (initial active 24) (24 cores per cpu, 1 threads per core) family 23 model 113 stepping 0, cmov, cx8, fxsr, mmx, sse, sse2, sse3, ssse3, sse4.1, sse4.2, popcnt, avx, avx2, aes, clmul, mmxext, 3dnowpref, lzcnt, sse4a, tsc, tscinvbit, tscinv, bmi1

Memory: 4k page, physical 16723132k(2738188k free), swap 28860432k(3959272k free)

vm_info: OpenJDK 64-Bit Server VM (25.252-b09) for windows-amd64 JRE (1.8.0_252-b09), built on Apr 17 2020 18:10:37 by "Administrator" with MS VC++ 10.0 (VS2010)

time: Fri Jun 19 17:47:57 2020
timezone: Romance Summer Time
elapsed time: 1 seconds (0d 0h 0m 1s)

